2019-08-18 12:13:58.036 ERROR 1348 --- [http-nio-9999-exec-1] o.a.c.c.C.[.[.[/].[dispatcherServlet]    : Servlet.service() for servlet [dispatcherServlet] in context with path [] threw exception [Filtered request failed.] with root cause

redis.clients.jedis.exceptions.JedisDataException: NOAUTH Authentication required.
	at redis.clients.jedis.Protocol.processError(Protocol.java:130)
	at redis.clients.jedis.Protocol.process(Protocol.java:164)
	at redis.clients.jedis.Protocol.read(Protocol.java:218)
	at redis.clients.jedis.Connection.readProtocolWithCheckingBroken(Connection.java:341)
	at redis.clients.jedis.Connection.getBinaryBulkReply(Connection.java:260)
	at redis.clients.jedis.BinaryJedis.get(BinaryJedis.java:246)
	at org.crazycake.shiro.WorkAloneRedisManager.get(WorkAloneRedisManager.java:52)
	at org.crazycake.shiro.RedisSessionDAO.doReadSession(RedisSessionDAO.java:151)
	at org.apache.shiro.session.mgt.eis.AbstractSessionDAO.readSession(AbstractSessionDAO.java:168)
	at org.apache.shiro.session.mgt.DefaultSessionManager.retrieveSessionFromDataSource(DefaultSessionManager.java:236)
	at org.apache.shiro.session.mgt.DefaultSessionManager.retrieveSession(DefaultSessionManager.java:222)
	at org.apache.shiro.session.mgt.AbstractValidatingSessionManager.doGetSession(AbstractValidatingSessionManager.java:118)
	at org.apache.shiro.session.mgt.AbstractNativeSessionManager.lookupSession(AbstractNativeSessionManager.java:148)
	at org.apache.shiro.session.mgt.AbstractNativeSessionManager.getSession(AbstractNativeSessionManager.java:140)
	at org.apache.shiro.mgt.SessionsSecurityManager.getSession(SessionsSecurityManager.java:156)
	at org.apache.shiro.mgt.DefaultSecurityManager.resolveContextSession(DefaultSecurityManager.java:460)
	at org.apache.shiro.mgt.DefaultSecurityManager.resolveSession(DefaultSecurityManager.java:446)
	at org.apache.shiro.mgt.DefaultSecurityManager.createSubject(DefaultSecurityManager.java:342)
	at org.apache.shiro.subject.Subject$Builder.buildSubject(Subject.java:845)
	at org.apache.shiro.web.subject.WebSubject$Builder.buildWebSubject(WebSubject.java:148)
	at org.apache.shiro.web.servlet.AbstractShiroFilter.createSubject(AbstractShiroFilter.java:292)
	at org.apache.shiro.web.servlet.AbstractShiroFilter.doFilterInternal(AbstractShiroFilter.java:359)
	at org.apache.shiro.web.servlet.OncePerRequestFilter.doFilter(OncePerRequestFilter.java:125)
	at org.apache.catalina.core.ApplicationFilterChain.internalDoFilter(ApplicationFilterChain.java:193)
	at org.apache.catalina.core.ApplicationFilterChain.doFilter(ApplicationFilterChain.java:166)
	at org.springframework.web.filter.RequestContextFilter.doFilterInternal(RequestContextFilter.java:99)
	at org.springframework.web.filter.OncePerRequestFilter.doFilter(OncePerRequestFilter.java:118)
	at org.apache.catalina.core.ApplicationFilterChain.internalDoFilter(ApplicationFilterChain.java:193)
	at org.apache.catalina.core.ApplicationFilterChain.doFilter(ApplicationFilterChain.java:166)
	at org.springframework.web.filter.FormContentFilter.doFilterInternal(FormContentFilter.java:92)
	at org.springframework.web.filter.OncePerRequestFilter.doFilter(OncePerRequestFilter.java:118)
	at org.apache.catalina.core.ApplicationFilterChain.internalDoFilter(ApplicationFilterChain.java:193)
	at org.apache.catalina.core.ApplicationFilterChain.doFilter(ApplicationFilterChain.java:166)
	at org.springframework.web.filter.HiddenHttpMethodFilter.doFilterInternal(HiddenHttpMethodFilter.java:93)
	at org.springframework.web.filter.OncePerRequestFilter.doFilter(OncePerRequestFilter.java:118)
	at org.apache.catalina.core.ApplicationFilterChain.internalDoFilter(ApplicationFilterChain.java:193)
	at org.apache.catalina.core.ApplicationFilterChain.doFilter(ApplicationFilterChain.java:166)
	at org.springframework.web.filter.CharacterEncodingFilter.doFilterInternal(CharacterEncodingFilter.java:200)
	at org.springframework.web.filter.OncePerRequestFilter.doFilter(OncePerRequestFilter.java:118)
	at org.apache.catalina.core.ApplicationFilterChain.internalDoFilter(ApplicationFilterChain.java:193)
	at org.apache.catalina.core.ApplicationFilterChain.doFilter(ApplicationFilterChain.java:166)
	at org.apache.catalina.core.StandardWrapperValve.invoke(StandardWrapperValve.java:202)
	at org.apache.catalina.core.StandardContextValve.invoke(StandardContextValve.java:96)
	at org.apache.catalina.authenticator.AuthenticatorBase.invoke(AuthenticatorBase.java:490)
	at org.apache.catalina.core.StandardHostValve.invoke(StandardHostValve.java:139)
	at org.apache.catalina.valves.ErrorReportValve.invoke(ErrorReportValve.java:92)
	at org.apache.catalina.core.StandardEngineValve.invoke(StandardEngineValve.java:74)
	at org.apache.catalina.connector.CoyoteAdapter.service(CoyoteAdapter.java:343)
	at org.apache.coyote.http11.Http11Processor.service(Http11Processor.java:408)
	at org.apache.coyote.AbstractProcessorLight.process(AbstractProcessorLight.java:66)
	at org.apache.coyote.AbstractProtocol$ConnectionHandler.process(AbstractProtocol.java:853)
	at org.apache.tomcat.util.net.NioEndpoint$SocketProcessor.doRun(NioEndpoint.java:1587)
	at org.apache.tomcat.util.net.SocketProcessorBase.run(SocketProcessorBase.java:49)
	at java.util.concurrent.ThreadPoolExecutor.runWorker(ThreadPoolExecutor.java:1149)
	at java.util.concurrent.ThreadPoolExecutor$Worker.run(ThreadPoolExecutor.java:624)
	at org.apache.tomcat.util.threads.TaskThread$WrappingRunnable.run(TaskThread.java:61)
	at java.lang.Thread.run(Thread.java:748)

2019-08-18 12:16:41.169 ERROR 1360 --- [http-nio-9999-exec-2] o.a.c.c.C.[.[.[/].[dispatcherServlet]    : Servlet.service() for servlet [dispatcherServlet] in context with path [] threw exception [Filtered request failed.] with root cause

redis.clients.jedis.exceptions.JedisDataException: NOAUTH Authentication required.
	at redis.clients.jedis.Protocol.processError(Protocol.java:130)
	at redis.clients.jedis.Protocol.process(Protocol.java:164)
	at redis.clients.jedis.Protocol.read(Protocol.java:218)
	at redis.clients.jedis.Connection.readProtocolWithCheckingBroken(Connection.java:341)
	at redis.clients.jedis.Connection.getBinaryBulkReply(Connection.java:260)
	at redis.clients.jedis.BinaryJedis.get(BinaryJedis.java:246)
	at org.crazycake.shiro.WorkAloneRedisManager.get(WorkAloneRedisManager.java:52)
	at org.crazycake.shiro.RedisSessionDAO.doReadSession(RedisSessionDAO.java:151)
	at org.apache.shiro.session.mgt.eis.AbstractSessionDAO.readSession(AbstractSessionDAO.java:168)
	at org.apache.shiro.session.mgt.DefaultSessionManager.retrieveSessionFromDataSource(DefaultSessionManager.java:236)
	at org.apache.shiro.session.mgt.DefaultSessionManager.retrieveSession(DefaultSessionManager.java:222)
	at org.apache.shiro.session.mgt.AbstractValidatingSessionManager.doGetSession(AbstractValidatingSessionManager.java:118)
	at org.apache.shiro.session.mgt.AbstractNativeSessionManager.lookupSession(AbstractNativeSessionManager.java:148)
	at org.apache.shiro.session.mgt.AbstractNativeSessionManager.getSession(AbstractNativeSessionManager.java:140)
	at org.apache.shiro.mgt.SessionsSecurityManager.getSession(SessionsSecurityManager.java:156)
	at org.apache.shiro.mgt.DefaultSecurityManager.resolveContextSession(DefaultSecurityManager.java:460)
	at org.apache.shiro.mgt.DefaultSecurityManager.resolveSession(DefaultSecurityManager.java:446)
	at org.apache.shiro.mgt.DefaultSecurityManager.createSubject(DefaultSecurityManager.java:342)
	at org.apache.shiro.subject.Subject$Builder.buildSubject(Subject.java:845)
	at org.apache.shiro.web.subject.WebSubject$Builder.buildWebSubject(WebSubject.java:148)
	at org.apache.shiro.web.servlet.AbstractShiroFilter.createSubject(AbstractShiroFilter.java:292)
	at org.apache.shiro.web.servlet.AbstractShiroFilter.doFilterInternal(AbstractShiroFilter.java:359)
	at org.apache.shiro.web.servlet.OncePerRequestFilter.doFilter(OncePerRequestFilter.java:125)
	at org.apache.catalina.core.ApplicationFilterChain.internalDoFilter(ApplicationFilterChain.java:193)
	at org.apache.catalina.core.ApplicationFilterChain.doFilter(ApplicationFilterChain.java:166)
	at org.springframework.web.filter.RequestContextFilter.doFilterInternal(RequestContextFilter.java:99)
	at org.springframework.web.filter.OncePerRequestFilter.doFilter(OncePerRequestFilter.java:118)
	at org.apache.catalina.core.ApplicationFilterChain.internalDoFilter(ApplicationFilterChain.java:193)
	at org.apache.catalina.core.ApplicationFilterChain.doFilter(ApplicationFilterChain.java:166)
	at org.springframework.web.filter.FormContentFilter.doFilterInternal(FormContentFilter.java:92)
	at org.springframework.web.filter.OncePerRequestFilter.doFilter(OncePerRequestFilter.java:118)
	at org.apache.catalina.core.ApplicationFilterChain.internalDoFilter(ApplicationFilterChain.java:193)
	at org.apache.catalina.core.ApplicationFilterChain.doFilter(ApplicationFilterChain.java:166)
	at org.springframework.web.filter.HiddenHttpMethodFilter.doFilterInternal(HiddenHttpMethodFilter.java:93)
	at org.springframework.web.filter.OncePerRequestFilter.doFilter(OncePerRequestFilter.java:118)
	at org.apache.catalina.core.ApplicationFilterChain.internalDoFilter(ApplicationFilterChain.java:193)
	at org.apache.catalina.core.ApplicationFilterChain.doFilter(ApplicationFilterChain.java:166)
	at org.springframework.web.filter.CharacterEncodingFilter.doFilterInternal(CharacterEncodingFilter.java:200)
	at org.springframework.web.filter.OncePerRequestFilter.doFilter(OncePerRequestFilter.java:118)
	at org.apache.catalina.core.ApplicationFilterChain.internalDoFilter(ApplicationFilterChain.java:193)
	at org.apache.catalina.core.ApplicationFilterChain.doFilter(ApplicationFilterChain.java:166)
	at org.apache.catalina.core.StandardWrapperValve.invoke(StandardWrapperValve.java:202)
	at org.apache.catalina.core.StandardContextValve.invoke(StandardContextValve.java:96)
	at org.apache.catalina.authenticator.AuthenticatorBase.invoke(AuthenticatorBase.java:490)
	at org.apache.catalina.core.StandardHostValve.invoke(StandardHostValve.java:139)
	at org.apache.catalina.valves.ErrorReportValve.invoke(ErrorReportValve.java:92)
	at org.apache.catalina.core.StandardEngineValve.invoke(StandardEngineValve.java:74)
	at org.apache.catalina.connector.CoyoteAdapter.service(CoyoteAdapter.java:343)
	at org.apache.coyote.http11.Http11Processor.service(Http11Processor.java:408)
	at org.apache.coyote.AbstractProcessorLight.process(AbstractProcessorLight.java:66)
	at org.apache.coyote.AbstractProtocol$ConnectionHandler.process(AbstractProtocol.java:853)
	at org.apache.tomcat.util.net.NioEndpoint$SocketProcessor.doRun(NioEndpoint.java:1587)
	at org.apache.tomcat.util.net.SocketProcessorBase.run(SocketProcessorBase.java:49)
	at java.util.concurrent.ThreadPoolExecutor.runWorker(ThreadPoolExecutor.java:1149)
	at java.util.concurrent.ThreadPoolExecutor$Worker.run(ThreadPoolExecutor.java:624)
	at org.apache.tomcat.util.threads.TaskThread$WrappingRunnable.run(TaskThread.java:61)
	at java.lang.Thread.run(Thread.java:748)

2019-08-18 12:16:59.245 ERROR 1360 --- [http-nio-9999-exec-3] o.a.c.c.C.[.[.[/].[dispatcherServlet]    : Servlet.service() for servlet [dispatcherServlet] in context with path [] threw exception [Filtered request failed.] with root cause

redis.clients.jedis.exceptions.JedisDataException: NOAUTH Authentication required.
	at redis.clients.jedis.Protocol.processError(Protocol.java:130)
	at redis.clients.jedis.Protocol.process(Protocol.java:164)
	at redis.clients.jedis.Protocol.read(Protocol.java:218)
	at redis.clients.jedis.Connection.readProtocolWithCheckingBroken(Connection.java:341)
	at redis.clients.jedis.Connection.getBinaryBulkReply(Connection.java:260)
	at redis.clients.jedis.BinaryJedis.get(BinaryJedis.java:246)
	at org.crazycake.shiro.WorkAloneRedisManager.get(WorkAloneRedisManager.java:52)
	at org.crazycake.shiro.RedisSessionDAO.doReadSession(RedisSessionDAO.java:151)
	at org.apache.shiro.session.mgt.eis.AbstractSessionDAO.readSession(AbstractSessionDAO.java:168)
	at org.apache.shiro.session.mgt.DefaultSessionManager.retrieveSessionFromDataSource(DefaultSessionManager.java:236)
	at org.apache.shiro.session.mgt.DefaultSessionManager.retrieveSession(DefaultSessionManager.java:222)
	at org.apache.shiro.session.mgt.AbstractValidatingSessionManager.doGetSession(AbstractValidatingSessionManager.java:118)
	at org.apache.shiro.session.mgt.AbstractNativeSessionManager.lookupSession(AbstractNativeSessionManager.java:148)
	at org.apache.shiro.session.mgt.AbstractNativeSessionManager.getSession(AbstractNativeSessionManager.java:140)
	at org.apache.shiro.mgt.SessionsSecurityManager.getSession(SessionsSecurityManager.java:156)
	at org.apache.shiro.mgt.DefaultSecurityManager.resolveContextSession(DefaultSecurityManager.java:460)
	at org.apache.shiro.mgt.DefaultSecurityManager.resolveSession(DefaultSecurityManager.java:446)
	at org.apache.shiro.mgt.DefaultSecurityManager.createSubject(DefaultSecurityManager.java:342)
	at org.apache.shiro.subject.Subject$Builder.buildSubject(Subject.java:845)
	at org.apache.shiro.web.subject.WebSubject$Builder.buildWebSubject(WebSubject.java:148)
	at org.apache.shiro.web.servlet.AbstractShiroFilter.createSubject(AbstractShiroFilter.java:292)
	at org.apache.shiro.web.servlet.AbstractShiroFilter.doFilterInternal(AbstractShiroFilter.java:359)
	at org.apache.shiro.web.servlet.OncePerRequestFilter.doFilter(OncePerRequestFilter.java:125)
	at org.apache.catalina.core.ApplicationFilterChain.internalDoFilter(ApplicationFilterChain.java:193)
	at org.apache.catalina.core.ApplicationFilterChain.doFilter(ApplicationFilterChain.java:166)
	at org.springframework.web.filter.RequestContextFilter.doFilterInternal(RequestContextFilter.java:99)
	at org.springframework.web.filter.OncePerRequestFilter.doFilter(OncePerRequestFilter.java:118)
	at org.apache.catalina.core.ApplicationFilterChain.internalDoFilter(ApplicationFilterChain.java:193)
	at org.apache.catalina.core.ApplicationFilterChain.doFilter(ApplicationFilterChain.java:166)
	at org.springframework.web.filter.FormContentFilter.doFilterInternal(FormContentFilter.java:92)
	at org.springframework.web.filter.OncePerRequestFilter.doFilter(OncePerRequestFilter.java:118)
	at org.apache.catalina.core.ApplicationFilterChain.internalDoFilter(ApplicationFilterChain.java:193)
	at org.apache.catalina.core.ApplicationFilterChain.doFilter(ApplicationFilterChain.java:166)
	at org.springframework.web.filter.HiddenHttpMethodFilter.doFilterInternal(HiddenHttpMethodFilter.java:93)
	at org.springframework.web.filter.OncePerRequestFilter.doFilter(OncePerRequestFilter.java:118)
	at org.apache.catalina.core.ApplicationFilterChain.internalDoFilter(ApplicationFilterChain.java:193)
	at org.apache.catalina.core.ApplicationFilterChain.doFilter(ApplicationFilterChain.java:166)
	at org.springframework.web.filter.CharacterEncodingFilter.doFilterInternal(CharacterEncodingFilter.java:200)
	at org.springframework.web.filter.OncePerRequestFilter.doFilter(OncePerRequestFilter.java:118)
	at org.apache.catalina.core.ApplicationFilterChain.internalDoFilter(ApplicationFilterChain.java:193)
	at org.apache.catalina.core.ApplicationFilterChain.doFilter(ApplicationFilterChain.java:166)
	at org.apache.catalina.core.StandardWrapperValve.invoke(StandardWrapperValve.java:202)
	at org.apache.catalina.core.StandardContextValve.invoke(StandardContextValve.java:96)
	at org.apache.catalina.authenticator.AuthenticatorBase.invoke(AuthenticatorBase.java:490)
	at org.apache.catalina.core.StandardHostValve.invoke(StandardHostValve.java:139)
	at org.apache.catalina.valves.ErrorReportValve.invoke(ErrorReportValve.java:92)
	at org.apache.catalina.core.StandardEngineValve.invoke(StandardEngineValve.java:74)
	at org.apache.catalina.connector.CoyoteAdapter.service(CoyoteAdapter.java:343)
	at org.apache.coyote.http11.Http11Processor.service(Http11Processor.java:408)
	at org.apache.coyote.AbstractProcessorLight.process(AbstractProcessorLight.java:66)
	at org.apache.coyote.AbstractProtocol$ConnectionHandler.process(AbstractProtocol.java:853)
	at org.apache.tomcat.util.net.NioEndpoint$SocketProcessor.doRun(NioEndpoint.java:1587)
	at org.apache.tomcat.util.net.SocketProcessorBase.run(SocketProcessorBase.java:49)
	at java.util.concurrent.ThreadPoolExecutor.runWorker(ThreadPoolExecutor.java:1149)
	at java.util.concurrent.ThreadPoolExecutor$Worker.run(ThreadPoolExecutor.java:624)
	at org.apache.tomcat.util.threads.TaskThread$WrappingRunnable.run(TaskThread.java:61)
	at java.lang.Thread.run(Thread.java:748)

2019-08-18 12:16:59.496 ERROR 1360 --- [http-nio-9999-exec-4] o.a.c.c.C.[.[.[/].[dispatcherServlet]    : Servlet.service() for servlet [dispatcherServlet] in context with path [] threw exception [Filtered request failed.] with root cause

redis.clients.jedis.exceptions.JedisDataException: NOAUTH Authentication required.
	at redis.clients.jedis.Protocol.processError(Protocol.java:130)
	at redis.clients.jedis.Protocol.process(Protocol.java:164)
	at redis.clients.jedis.Protocol.read(Protocol.java:218)
	at redis.clients.jedis.Connection.readProtocolWithCheckingBroken(Connection.java:341)
	at redis.clients.jedis.Connection.getBinaryBulkReply(Connection.java:260)
	at redis.clients.jedis.BinaryJedis.get(BinaryJedis.java:246)
	at org.crazycake.shiro.WorkAloneRedisManager.get(WorkAloneRedisManager.java:52)
	at org.crazycake.shiro.RedisSessionDAO.doReadSession(RedisSessionDAO.java:151)
	at org.apache.shiro.session.mgt.eis.AbstractSessionDAO.readSession(AbstractSessionDAO.java:168)
	at org.apache.shiro.session.mgt.DefaultSessionManager.retrieveSessionFromDataSource(DefaultSessionManager.java:236)
	at org.apache.shiro.session.mgt.DefaultSessionManager.retrieveSession(DefaultSessionManager.java:222)
	at org.apache.shiro.session.mgt.AbstractValidatingSessionManager.doGetSession(AbstractValidatingSessionManager.java:118)
	at org.apache.shiro.session.mgt.AbstractNativeSessionManager.lookupSession(AbstractNativeSessionManager.java:148)
	at org.apache.shiro.session.mgt.AbstractNativeSessionManager.getSession(AbstractNativeSessionManager.java:140)
	at org.apache.shiro.mgt.SessionsSecurityManager.getSession(SessionsSecurityManager.java:156)
	at org.apache.shiro.mgt.DefaultSecurityManager.resolveContextSession(DefaultSecurityManager.java:460)
	at org.apache.shiro.mgt.DefaultSecurityManager.resolveSession(DefaultSecurityManager.java:446)
	at org.apache.shiro.mgt.DefaultSecurityManager.createSubject(DefaultSecurityManager.java:342)
	at org.apache.shiro.subject.Subject$Builder.buildSubject(Subject.java:845)
	at org.apache.shiro.web.subject.WebSubject$Builder.buildWebSubject(WebSubject.java:148)
	at org.apache.shiro.web.servlet.AbstractShiroFilter.createSubject(AbstractShiroFilter.java:292)
	at org.apache.shiro.web.servlet.AbstractShiroFilter.doFilterInternal(AbstractShiroFilter.java:359)
	at org.apache.shiro.web.servlet.OncePerRequestFilter.doFilter(OncePerRequestFilter.java:125)
	at org.apache.catalina.core.ApplicationFilterChain.internalDoFilter(ApplicationFilterChain.java:193)
	at org.apache.catalina.core.ApplicationFilterChain.doFilter(ApplicationFilterChain.java:166)
	at org.springframework.web.filter.RequestContextFilter.doFilterInternal(RequestContextFilter.java:99)
	at org.springframework.web.filter.OncePerRequestFilter.doFilter(OncePerRequestFilter.java:118)
	at org.apache.catalina.core.ApplicationFilterChain.internalDoFilter(ApplicationFilterChain.java:193)
	at org.apache.catalina.core.ApplicationFilterChain.doFilter(ApplicationFilterChain.java:166)
	at org.springframework.web.filter.FormContentFilter.doFilterInternal(FormContentFilter.java:92)
	at org.springframework.web.filter.OncePerRequestFilter.doFilter(OncePerRequestFilter.java:118)
	at org.apache.catalina.core.ApplicationFilterChain.internalDoFilter(ApplicationFilterChain.java:193)
	at org.apache.catalina.core.ApplicationFilterChain.doFilter(ApplicationFilterChain.java:166)
	at org.springframework.web.filter.HiddenHttpMethodFilter.doFilterInternal(HiddenHttpMethodFilter.java:93)
	at org.springframework.web.filter.OncePerRequestFilter.doFilter(OncePerRequestFilter.java:118)
	at org.apache.catalina.core.ApplicationFilterChain.internalDoFilter(ApplicationFilterChain.java:193)
	at org.apache.catalina.core.ApplicationFilterChain.doFilter(ApplicationFilterChain.java:166)
	at org.springframework.web.filter.CharacterEncodingFilter.doFilterInternal(CharacterEncodingFilter.java:200)
	at org.springframework.web.filter.OncePerRequestFilter.doFilter(OncePerRequestFilter.java:118)
	at org.apache.catalina.core.ApplicationFilterChain.internalDoFilter(ApplicationFilterChain.java:193)
	at org.apache.catalina.core.ApplicationFilterChain.doFilter(ApplicationFilterChain.java:166)
	at org.apache.catalina.core.StandardWrapperValve.invoke(StandardWrapperValve.java:202)
	at org.apache.catalina.core.StandardContextValve.invoke(StandardContextValve.java:96)
	at org.apache.catalina.authenticator.AuthenticatorBase.invoke(AuthenticatorBase.java:490)
	at org.apache.catalina.core.StandardHostValve.invoke(StandardHostValve.java:139)
	at org.apache.catalina.valves.ErrorReportValve.invoke(ErrorReportValve.java:92)
	at org.apache.catalina.core.StandardEngineValve.invoke(StandardEngineValve.java:74)
	at org.apache.catalina.connector.CoyoteAdapter.service(CoyoteAdapter.java:343)
	at org.apache.coyote.http11.Http11Processor.service(Http11Processor.java:408)
	at org.apache.coyote.AbstractProcessorLight.process(AbstractProcessorLight.java:66)
	at org.apache.coyote.AbstractProtocol$ConnectionHandler.process(AbstractProtocol.java:853)
	at org.apache.tomcat.util.net.NioEndpoint$SocketProcessor.doRun(NioEndpoint.java:1587)
	at org.apache.tomcat.util.net.SocketProcessorBase.run(SocketProcessorBase.java:49)
	at java.util.concurrent.ThreadPoolExecutor.runWorker(ThreadPoolExecutor.java:1149)
	at java.util.concurrent.ThreadPoolExecutor$Worker.run(ThreadPoolExecutor.java:624)
	at org.apache.tomcat.util.threads.TaskThread$WrappingRunnable.run(TaskThread.java:61)
	at java.lang.Thread.run(Thread.java:748)

2019-08-18 12:26:54.059 ERROR 1360 --- [http-nio-9999-exec-6] o.a.c.c.C.[.[.[/].[dispatcherServlet]    : Servlet.service() for servlet [dispatcherServlet] in context with path [] threw exception [Filtered request failed.] with root cause

redis.clients.jedis.exceptions.JedisDataException: NOAUTH Authentication required.
	at redis.clients.jedis.Protocol.processError(Protocol.java:130)
	at redis.clients.jedis.Protocol.process(Protocol.java:164)
	at redis.clients.jedis.Protocol.read(Protocol.java:218)
	at redis.clients.jedis.Connection.readProtocolWithCheckingBroken(Connection.java:341)
	at redis.clients.jedis.Connection.getBinaryBulkReply(Connection.java:260)
	at redis.clients.jedis.BinaryJedis.get(BinaryJedis.java:246)
	at org.crazycake.shiro.WorkAloneRedisManager.get(WorkAloneRedisManager.java:52)
	at org.crazycake.shiro.RedisSessionDAO.doReadSession(RedisSessionDAO.java:151)
	at org.apache.shiro.session.mgt.eis.AbstractSessionDAO.readSession(AbstractSessionDAO.java:168)
	at org.apache.shiro.session.mgt.DefaultSessionManager.retrieveSessionFromDataSource(DefaultSessionManager.java:236)
	at org.apache.shiro.session.mgt.DefaultSessionManager.retrieveSession(DefaultSessionManager.java:222)
	at org.apache.shiro.session.mgt.AbstractValidatingSessionManager.doGetSession(AbstractValidatingSessionManager.java:118)
	at org.apache.shiro.session.mgt.AbstractNativeSessionManager.lookupSession(AbstractNativeSessionManager.java:148)
	at org.apache.shiro.session.mgt.AbstractNativeSessionManager.getSession(AbstractNativeSessionManager.java:140)
	at org.apache.shiro.mgt.SessionsSecurityManager.getSession(SessionsSecurityManager.java:156)
	at org.apache.shiro.mgt.DefaultSecurityManager.resolveContextSession(DefaultSecurityManager.java:460)
	at org.apache.shiro.mgt.DefaultSecurityManager.resolveSession(DefaultSecurityManager.java:446)
	at org.apache.shiro.mgt.DefaultSecurityManager.createSubject(DefaultSecurityManager.java:342)
	at org.apache.shiro.subject.Subject$Builder.buildSubject(Subject.java:845)
	at org.apache.shiro.web.subject.WebSubject$Builder.buildWebSubject(WebSubject.java:148)
	at org.apache.shiro.web.servlet.AbstractShiroFilter.createSubject(AbstractShiroFilter.java:292)
	at org.apache.shiro.web.servlet.AbstractShiroFilter.doFilterInternal(AbstractShiroFilter.java:359)
	at org.apache.shiro.web.servlet.OncePerRequestFilter.doFilter(OncePerRequestFilter.java:125)
	at org.apache.catalina.core.ApplicationFilterChain.internalDoFilter(ApplicationFilterChain.java:193)
	at org.apache.catalina.core.ApplicationFilterChain.doFilter(ApplicationFilterChain.java:166)
	at org.springframework.web.filter.RequestContextFilter.doFilterInternal(RequestContextFilter.java:99)
	at org.springframework.web.filter.OncePerRequestFilter.doFilter(OncePerRequestFilter.java:118)
	at org.apache.catalina.core.ApplicationFilterChain.internalDoFilter(ApplicationFilterChain.java:193)
	at org.apache.catalina.core.ApplicationFilterChain.doFilter(ApplicationFilterChain.java:166)
	at org.springframework.web.filter.FormContentFilter.doFilterInternal(FormContentFilter.java:92)
	at org.springframework.web.filter.OncePerRequestFilter.doFilter(OncePerRequestFilter.java:118)
	at org.apache.catalina.core.ApplicationFilterChain.internalDoFilter(ApplicationFilterChain.java:193)
	at org.apache.catalina.core.ApplicationFilterChain.doFilter(ApplicationFilterChain.java:166)
	at org.springframework.web.filter.HiddenHttpMethodFilter.doFilterInternal(HiddenHttpMethodFilter.java:93)
	at org.springframework.web.filter.OncePerRequestFilter.doFilter(OncePerRequestFilter.java:118)
	at org.apache.catalina.core.ApplicationFilterChain.internalDoFilter(ApplicationFilterChain.java:193)
	at org.apache.catalina.core.ApplicationFilterChain.doFilter(ApplicationFilterChain.java:166)
	at org.springframework.web.filter.CharacterEncodingFilter.doFilterInternal(CharacterEncodingFilter.java:200)
	at org.springframework.web.filter.OncePerRequestFilter.doFilter(OncePerRequestFilter.java:118)
	at org.apache.catalina.core.ApplicationFilterChain.internalDoFilter(ApplicationFilterChain.java:193)
	at org.apache.catalina.core.ApplicationFilterChain.doFilter(ApplicationFilterChain.java:166)
	at org.apache.catalina.core.StandardWrapperValve.invoke(StandardWrapperValve.java:202)
	at org.apache.catalina.core.StandardContextValve.invoke(StandardContextValve.java:96)
	at org.apache.catalina.authenticator.AuthenticatorBase.invoke(AuthenticatorBase.java:490)
	at org.apache.catalina.core.StandardHostValve.invoke(StandardHostValve.java:139)
	at org.apache.catalina.valves.ErrorReportValve.invoke(ErrorReportValve.java:92)
	at org.apache.catalina.core.StandardEngineValve.invoke(StandardEngineValve.java:74)
	at org.apache.catalina.connector.CoyoteAdapter.service(CoyoteAdapter.java:343)
	at org.apache.coyote.http11.Http11Processor.service(Http11Processor.java:408)
	at org.apache.coyote.AbstractProcessorLight.process(AbstractProcessorLight.java:66)
	at org.apache.coyote.AbstractProtocol$ConnectionHandler.process(AbstractProtocol.java:853)
	at org.apache.tomcat.util.net.NioEndpoint$SocketProcessor.doRun(NioEndpoint.java:1587)
	at org.apache.tomcat.util.net.SocketProcessorBase.run(SocketProcessorBase.java:49)
	at java.util.concurrent.ThreadPoolExecutor.runWorker(ThreadPoolExecutor.java:1149)
	at java.util.concurrent.ThreadPoolExecutor$Worker.run(ThreadPoolExecutor.java:624)
	at org.apache.tomcat.util.threads.TaskThread$WrappingRunnable.run(TaskThread.java:61)
	at java.lang.Thread.run(Thread.java:748)

2019-08-19 13:40:10.715 ERROR 13416 --- [http-nio-9999-exec-5] o.a.c.c.C.[.[.[/].[dispatcherServlet]    : Servlet.service() for servlet [dispatcherServlet] in context with path [] threw exception [Filtered request failed.] with root cause

java.net.ConnectException: Connection refused: connect
	at java.net.DualStackPlainSocketImpl.waitForConnect(Native Method)
	at java.net.DualStackPlainSocketImpl.socketConnect(DualStackPlainSocketImpl.java:85)
	at java.net.AbstractPlainSocketImpl.doConnect(AbstractPlainSocketImpl.java:350)
	at java.net.AbstractPlainSocketImpl.connectToAddress(AbstractPlainSocketImpl.java:206)
	at java.net.AbstractPlainSocketImpl.connect(AbstractPlainSocketImpl.java:188)
	at java.net.PlainSocketImpl.connect(PlainSocketImpl.java:172)
	at java.net.SocksSocketImpl.connect(SocksSocketImpl.java:392)
	at java.net.Socket.connect(Socket.java:589)
	at redis.clients.jedis.Connection.connect(Connection.java:184)
	at redis.clients.jedis.BinaryClient.connect(BinaryClient.java:101)
	at redis.clients.jedis.BinaryJedis.connect(BinaryJedis.java:1844)
	at redis.clients.jedis.JedisFactory.makeObject(JedisFactory.java:106)
	at org.apache.commons.pool2.impl.GenericObjectPool.create(GenericObjectPool.java:889)
	at org.apache.commons.pool2.impl.GenericObjectPool.borrowObject(GenericObjectPool.java:424)
	at org.apache.commons.pool2.impl.GenericObjectPool.borrowObject(GenericObjectPool.java:349)
	at redis.clients.util.Pool.getResource(Pool.java:49)
	at redis.clients.jedis.JedisPool.getResource(JedisPool.java:226)
	at org.crazycake.shiro.RedisManager.getJedis(RedisManager.java:35)
	at org.crazycake.shiro.WorkAloneRedisManager.get(WorkAloneRedisManager.java:50)
	at org.crazycake.shiro.RedisSessionDAO.doReadSession(RedisSessionDAO.java:151)
	at org.apache.shiro.session.mgt.eis.AbstractSessionDAO.readSession(AbstractSessionDAO.java:168)
	at org.apache.shiro.session.mgt.DefaultSessionManager.retrieveSessionFromDataSource(DefaultSessionManager.java:236)
	at org.apache.shiro.session.mgt.DefaultSessionManager.retrieveSession(DefaultSessionManager.java:222)
	at org.apache.shiro.session.mgt.AbstractValidatingSessionManager.doGetSession(AbstractValidatingSessionManager.java:118)
	at org.apache.shiro.session.mgt.AbstractNativeSessionManager.lookupSession(AbstractNativeSessionManager.java:148)
	at org.apache.shiro.session.mgt.AbstractNativeSessionManager.getSession(AbstractNativeSessionManager.java:140)
	at org.apache.shiro.mgt.SessionsSecurityManager.getSession(SessionsSecurityManager.java:156)
	at org.apache.shiro.mgt.DefaultSecurityManager.resolveContextSession(DefaultSecurityManager.java:460)
	at org.apache.shiro.mgt.DefaultSecurityManager.resolveSession(DefaultSecurityManager.java:446)
	at org.apache.shiro.mgt.DefaultSecurityManager.createSubject(DefaultSecurityManager.java:342)
	at org.apache.shiro.subject.Subject$Builder.buildSubject(Subject.java:845)
	at org.apache.shiro.web.subject.WebSubject$Builder.buildWebSubject(WebSubject.java:148)
	at org.apache.shiro.web.servlet.AbstractShiroFilter.createSubject(AbstractShiroFilter.java:292)
	at org.apache.shiro.web.servlet.AbstractShiroFilter.doFilterInternal(AbstractShiroFilter.java:359)
	at org.apache.shiro.web.servlet.OncePerRequestFilter.doFilter(OncePerRequestFilter.java:125)
	at org.apache.catalina.core.ApplicationFilterChain.internalDoFilter(ApplicationFilterChain.java:193)
	at org.apache.catalina.core.ApplicationFilterChain.doFilter(ApplicationFilterChain.java:166)
	at org.springframework.web.filter.RequestContextFilter.doFilterInternal(RequestContextFilter.java:99)
	at org.springframework.web.filter.OncePerRequestFilter.doFilter(OncePerRequestFilter.java:118)
	at org.apache.catalina.core.ApplicationFilterChain.internalDoFilter(ApplicationFilterChain.java:193)
	at org.apache.catalina.core.ApplicationFilterChain.doFilter(ApplicationFilterChain.java:166)
	at org.springframework.web.filter.FormContentFilter.doFilterInternal(FormContentFilter.java:92)
	at org.springframework.web.filter.OncePerRequestFilter.doFilter(OncePerRequestFilter.java:118)
	at org.apache.catalina.core.ApplicationFilterChain.internalDoFilter(ApplicationFilterChain.java:193)
	at org.apache.catalina.core.ApplicationFilterChain.doFilter(ApplicationFilterChain.java:166)
	at org.springframework.web.filter.HiddenHttpMethodFilter.doFilterInternal(HiddenHttpMethodFilter.java:93)
	at org.springframework.web.filter.OncePerRequestFilter.doFilter(OncePerRequestFilter.java:118)
	at org.apache.catalina.core.ApplicationFilterChain.internalDoFilter(ApplicationFilterChain.java:193)
	at org.apache.catalina.core.ApplicationFilterChain.doFilter(ApplicationFilterChain.java:166)
	at org.springframework.web.filter.CharacterEncodingFilter.doFilterInternal(CharacterEncodingFilter.java:200)
	at org.springframework.web.filter.OncePerRequestFilter.doFilter(OncePerRequestFilter.java:118)
	at org.apache.catalina.core.ApplicationFilterChain.internalDoFilter(ApplicationFilterChain.java:193)
	at org.apache.catalina.core.ApplicationFilterChain.doFilter(ApplicationFilterChain.java:166)
	at org.apache.catalina.core.StandardWrapperValve.invoke(StandardWrapperValve.java:202)
	at org.apache.catalina.core.StandardContextValve.invoke(StandardContextValve.java:96)
	at org.apache.catalina.authenticator.AuthenticatorBase.invoke(AuthenticatorBase.java:490)
	at org.apache.catalina.core.StandardHostValve.invoke(StandardHostValve.java:139)
	at org.apache.catalina.valves.ErrorReportValve.invoke(ErrorReportValve.java:92)
	at org.apache.catalina.core.StandardEngineValve.invoke(StandardEngineValve.java:74)
	at org.apache.catalina.connector.CoyoteAdapter.service(CoyoteAdapter.java:343)
	at org.apache.coyote.http11.Http11Processor.service(Http11Processor.java:408)
	at org.apache.coyote.AbstractProcessorLight.process(AbstractProcessorLight.java:66)
	at org.apache.coyote.AbstractProtocol$ConnectionHandler.process(AbstractProtocol.java:853)
	at org.apache.tomcat.util.net.NioEndpoint$SocketProcessor.doRun(NioEndpoint.java:1587)
	at org.apache.tomcat.util.net.SocketProcessorBase.run(SocketProcessorBase.java:49)
	at java.util.concurrent.ThreadPoolExecutor.runWorker(ThreadPoolExecutor.java:1149)
	at java.util.concurrent.ThreadPoolExecutor$Worker.run(ThreadPoolExecutor.java:624)
	at org.apache.tomcat.util.threads.TaskThread$WrappingRunnable.run(TaskThread.java:61)
	at java.lang.Thread.run(Thread.java:748)

2019-08-19 13:40:37.002 ERROR 13416 --- [http-nio-9999-exec-4] o.a.c.c.C.[.[.[/].[dispatcherServlet]    : Servlet.service() for servlet [dispatcherServlet] in context with path [] threw exception [Filtered request failed.] with root cause

java.net.ConnectException: Connection refused: connect
	at java.net.DualStackPlainSocketImpl.waitForConnect(Native Method)
	at java.net.DualStackPlainSocketImpl.socketConnect(DualStackPlainSocketImpl.java:85)
	at java.net.AbstractPlainSocketImpl.doConnect(AbstractPlainSocketImpl.java:350)
	at java.net.AbstractPlainSocketImpl.connectToAddress(AbstractPlainSocketImpl.java:206)
	at java.net.AbstractPlainSocketImpl.connect(AbstractPlainSocketImpl.java:188)
	at java.net.PlainSocketImpl.connect(PlainSocketImpl.java:172)
	at java.net.SocksSocketImpl.connect(SocksSocketImpl.java:392)
	at java.net.Socket.connect(Socket.java:589)
	at redis.clients.jedis.Connection.connect(Connection.java:184)
	at redis.clients.jedis.BinaryClient.connect(BinaryClient.java:101)
	at redis.clients.jedis.BinaryJedis.connect(BinaryJedis.java:1844)
	at redis.clients.jedis.JedisFactory.makeObject(JedisFactory.java:106)
	at org.apache.commons.pool2.impl.GenericObjectPool.create(GenericObjectPool.java:889)
	at org.apache.commons.pool2.impl.GenericObjectPool.borrowObject(GenericObjectPool.java:424)
	at org.apache.commons.pool2.impl.GenericObjectPool.borrowObject(GenericObjectPool.java:349)
	at redis.clients.util.Pool.getResource(Pool.java:49)
	at redis.clients.jedis.JedisPool.getResource(JedisPool.java:226)
	at org.crazycake.shiro.RedisManager.getJedis(RedisManager.java:35)
	at org.crazycake.shiro.WorkAloneRedisManager.get(WorkAloneRedisManager.java:50)
	at org.crazycake.shiro.RedisSessionDAO.doReadSession(RedisSessionDAO.java:151)
	at org.apache.shiro.session.mgt.eis.AbstractSessionDAO.readSession(AbstractSessionDAO.java:168)
	at org.apache.shiro.session.mgt.DefaultSessionManager.retrieveSessionFromDataSource(DefaultSessionManager.java:236)
	at org.apache.shiro.session.mgt.DefaultSessionManager.retrieveSession(DefaultSessionManager.java:222)
	at org.apache.shiro.session.mgt.AbstractValidatingSessionManager.doGetSession(AbstractValidatingSessionManager.java:118)
	at org.apache.shiro.session.mgt.AbstractNativeSessionManager.lookupSession(AbstractNativeSessionManager.java:148)
	at org.apache.shiro.session.mgt.AbstractNativeSessionManager.getSession(AbstractNativeSessionManager.java:140)
	at org.apache.shiro.mgt.SessionsSecurityManager.getSession(SessionsSecurityManager.java:156)
	at org.apache.shiro.mgt.DefaultSecurityManager.resolveContextSession(DefaultSecurityManager.java:460)
	at org.apache.shiro.mgt.DefaultSecurityManager.resolveSession(DefaultSecurityManager.java:446)
	at org.apache.shiro.mgt.DefaultSecurityManager.createSubject(DefaultSecurityManager.java:342)
	at org.apache.shiro.subject.Subject$Builder.buildSubject(Subject.java:845)
	at org.apache.shiro.web.subject.WebSubject$Builder.buildWebSubject(WebSubject.java:148)
	at org.apache.shiro.web.servlet.AbstractShiroFilter.createSubject(AbstractShiroFilter.java:292)
	at org.apache.shiro.web.servlet.AbstractShiroFilter.doFilterInternal(AbstractShiroFilter.java:359)
	at org.apache.shiro.web.servlet.OncePerRequestFilter.doFilter(OncePerRequestFilter.java:125)
	at org.apache.catalina.core.ApplicationFilterChain.internalDoFilter(ApplicationFilterChain.java:193)
	at org.apache.catalina.core.ApplicationFilterChain.doFilter(ApplicationFilterChain.java:166)
	at org.springframework.web.filter.RequestContextFilter.doFilterInternal(RequestContextFilter.java:99)
	at org.springframework.web.filter.OncePerRequestFilter.doFilter(OncePerRequestFilter.java:118)
	at org.apache.catalina.core.ApplicationFilterChain.internalDoFilter(ApplicationFilterChain.java:193)
	at org.apache.catalina.core.ApplicationFilterChain.doFilter(ApplicationFilterChain.java:166)
	at org.springframework.web.filter.FormContentFilter.doFilterInternal(FormContentFilter.java:92)
	at org.springframework.web.filter.OncePerRequestFilter.doFilter(OncePerRequestFilter.java:118)
	at org.apache.catalina.core.ApplicationFilterChain.internalDoFilter(ApplicationFilterChain.java:193)
	at org.apache.catalina.core.ApplicationFilterChain.doFilter(ApplicationFilterChain.java:166)
	at org.springframework.web.filter.HiddenHttpMethodFilter.doFilterInternal(HiddenHttpMethodFilter.java:93)
	at org.springframework.web.filter.OncePerRequestFilter.doFilter(OncePerRequestFilter.java:118)
	at org.apache.catalina.core.ApplicationFilterChain.internalDoFilter(ApplicationFilterChain.java:193)
	at org.apache.catalina.core.ApplicationFilterChain.doFilter(ApplicationFilterChain.java:166)
	at org.springframework.web.filter.CharacterEncodingFilter.doFilterInternal(CharacterEncodingFilter.java:200)
	at org.springframework.web.filter.OncePerRequestFilter.doFilter(OncePerRequestFilter.java:118)
	at org.apache.catalina.core.ApplicationFilterChain.internalDoFilter(ApplicationFilterChain.java:193)
	at org.apache.catalina.core.ApplicationFilterChain.doFilter(ApplicationFilterChain.java:166)
	at org.apache.catalina.core.StandardWrapperValve.invoke(StandardWrapperValve.java:202)
	at org.apache.catalina.core.StandardContextValve.invoke(StandardContextValve.java:96)
	at org.apache.catalina.authenticator.AuthenticatorBase.invoke(AuthenticatorBase.java:490)
	at org.apache.catalina.core.StandardHostValve.invoke(StandardHostValve.java:139)
	at org.apache.catalina.valves.ErrorReportValve.invoke(ErrorReportValve.java:92)
	at org.apache.catalina.core.StandardEngineValve.invoke(StandardEngineValve.java:74)
	at org.apache.catalina.connector.CoyoteAdapter.service(CoyoteAdapter.java:343)
	at org.apache.coyote.http11.Http11Processor.service(Http11Processor.java:408)
	at org.apache.coyote.AbstractProcessorLight.process(AbstractProcessorLight.java:66)
	at org.apache.coyote.AbstractProtocol$ConnectionHandler.process(AbstractProtocol.java:853)
	at org.apache.tomcat.util.net.NioEndpoint$SocketProcessor.doRun(NioEndpoint.java:1587)
	at org.apache.tomcat.util.net.SocketProcessorBase.run(SocketProcessorBase.java:49)
	at java.util.concurrent.ThreadPoolExecutor.runWorker(ThreadPoolExecutor.java:1149)
	at java.util.concurrent.ThreadPoolExecutor$Worker.run(ThreadPoolExecutor.java:624)
	at org.apache.tomcat.util.threads.TaskThread$WrappingRunnable.run(TaskThread.java:61)
	at java.lang.Thread.run(Thread.java:748)

2019-08-19 13:41:08.723 ERROR 11752 --- [http-nio-9999-exec-2] o.a.c.c.C.[.[.[/].[dispatcherServlet]    : Servlet.service() for servlet [dispatcherServlet] in context with path [] threw exception [Filtered request failed.] with root cause

java.net.ConnectException: Connection refused: connect
	at java.net.DualStackPlainSocketImpl.waitForConnect(Native Method)
	at java.net.DualStackPlainSocketImpl.socketConnect(DualStackPlainSocketImpl.java:85)
	at java.net.AbstractPlainSocketImpl.doConnect(AbstractPlainSocketImpl.java:350)
	at java.net.AbstractPlainSocketImpl.connectToAddress(AbstractPlainSocketImpl.java:206)
	at java.net.AbstractPlainSocketImpl.connect(AbstractPlainSocketImpl.java:188)
	at java.net.PlainSocketImpl.connect(PlainSocketImpl.java:172)
	at java.net.SocksSocketImpl.connect(SocksSocketImpl.java:392)
	at java.net.Socket.connect(Socket.java:589)
	at redis.clients.jedis.Connection.connect(Connection.java:184)
	at redis.clients.jedis.BinaryClient.connect(BinaryClient.java:101)
	at redis.clients.jedis.BinaryJedis.connect(BinaryJedis.java:1844)
	at redis.clients.jedis.JedisFactory.makeObject(JedisFactory.java:106)
	at org.apache.commons.pool2.impl.GenericObjectPool.create(GenericObjectPool.java:889)
	at org.apache.commons.pool2.impl.GenericObjectPool.borrowObject(GenericObjectPool.java:424)
	at org.apache.commons.pool2.impl.GenericObjectPool.borrowObject(GenericObjectPool.java:349)
	at redis.clients.util.Pool.getResource(Pool.java:49)
	at redis.clients.jedis.JedisPool.getResource(JedisPool.java:226)
	at org.crazycake.shiro.RedisManager.getJedis(RedisManager.java:35)
	at org.crazycake.shiro.WorkAloneRedisManager.get(WorkAloneRedisManager.java:50)
	at org.crazycake.shiro.RedisSessionDAO.doReadSession(RedisSessionDAO.java:151)
	at org.apache.shiro.session.mgt.eis.AbstractSessionDAO.readSession(AbstractSessionDAO.java:168)
	at org.apache.shiro.session.mgt.DefaultSessionManager.retrieveSessionFromDataSource(DefaultSessionManager.java:236)
	at org.apache.shiro.session.mgt.DefaultSessionManager.retrieveSession(DefaultSessionManager.java:222)
	at org.apache.shiro.session.mgt.AbstractValidatingSessionManager.doGetSession(AbstractValidatingSessionManager.java:118)
	at org.apache.shiro.session.mgt.AbstractNativeSessionManager.lookupSession(AbstractNativeSessionManager.java:148)
	at org.apache.shiro.session.mgt.AbstractNativeSessionManager.getSession(AbstractNativeSessionManager.java:140)
	at org.apache.shiro.mgt.SessionsSecurityManager.getSession(SessionsSecurityManager.java:156)
	at org.apache.shiro.mgt.DefaultSecurityManager.resolveContextSession(DefaultSecurityManager.java:460)
	at org.apache.shiro.mgt.DefaultSecurityManager.resolveSession(DefaultSecurityManager.java:446)
	at org.apache.shiro.mgt.DefaultSecurityManager.createSubject(DefaultSecurityManager.java:342)
	at org.apache.shiro.subject.Subject$Builder.buildSubject(Subject.java:845)
	at org.apache.shiro.web.subject.WebSubject$Builder.buildWebSubject(WebSubject.java:148)
	at org.apache.shiro.web.servlet.AbstractShiroFilter.createSubject(AbstractShiroFilter.java:292)
	at org.apache.shiro.web.servlet.AbstractShiroFilter.doFilterInternal(AbstractShiroFilter.java:359)
	at org.apache.shiro.web.servlet.OncePerRequestFilter.doFilter(OncePerRequestFilter.java:125)
	at org.apache.catalina.core.ApplicationFilterChain.internalDoFilter(ApplicationFilterChain.java:193)
	at org.apache.catalina.core.ApplicationFilterChain.doFilter(ApplicationFilterChain.java:166)
	at org.springframework.web.filter.RequestContextFilter.doFilterInternal(RequestContextFilter.java:99)
	at org.springframework.web.filter.OncePerRequestFilter.doFilter(OncePerRequestFilter.java:118)
	at org.apache.catalina.core.ApplicationFilterChain.internalDoFilter(ApplicationFilterChain.java:193)
	at org.apache.catalina.core.ApplicationFilterChain.doFilter(ApplicationFilterChain.java:166)
	at org.springframework.web.filter.FormContentFilter.doFilterInternal(FormContentFilter.java:92)
	at org.springframework.web.filter.OncePerRequestFilter.doFilter(OncePerRequestFilter.java:118)
	at org.apache.catalina.core.ApplicationFilterChain.internalDoFilter(ApplicationFilterChain.java:193)
	at org.apache.catalina.core.ApplicationFilterChain.doFilter(ApplicationFilterChain.java:166)
	at org.springframework.web.filter.HiddenHttpMethodFilter.doFilterInternal(HiddenHttpMethodFilter.java:93)
	at org.springframework.web.filter.OncePerRequestFilter.doFilter(OncePerRequestFilter.java:118)
	at org.apache.catalina.core.ApplicationFilterChain.internalDoFilter(ApplicationFilterChain.java:193)
	at org.apache.catalina.core.ApplicationFilterChain.doFilter(ApplicationFilterChain.java:166)
	at org.springframework.web.filter.CharacterEncodingFilter.doFilterInternal(CharacterEncodingFilter.java:200)
	at org.springframework.web.filter.OncePerRequestFilter.doFilter(OncePerRequestFilter.java:118)
	at org.apache.catalina.core.ApplicationFilterChain.internalDoFilter(ApplicationFilterChain.java:193)
	at org.apache.catalina.core.ApplicationFilterChain.doFilter(ApplicationFilterChain.java:166)
	at org.apache.catalina.core.StandardWrapperValve.invoke(StandardWrapperValve.java:202)
	at org.apache.catalina.core.StandardContextValve.invoke(StandardContextValve.java:96)
	at org.apache.catalina.authenticator.AuthenticatorBase.invoke(AuthenticatorBase.java:490)
	at org.apache.catalina.core.StandardHostValve.invoke(StandardHostValve.java:139)
	at org.apache.catalina.valves.ErrorReportValve.invoke(ErrorReportValve.java:92)
	at org.apache.catalina.core.StandardEngineValve.invoke(StandardEngineValve.java:74)
	at org.apache.catalina.connector.CoyoteAdapter.service(CoyoteAdapter.java:343)
	at org.apache.coyote.http11.Http11Processor.service(Http11Processor.java:408)
	at org.apache.coyote.AbstractProcessorLight.process(AbstractProcessorLight.java:66)
	at org.apache.coyote.AbstractProtocol$ConnectionHandler.process(AbstractProtocol.java:853)
	at org.apache.tomcat.util.net.NioEndpoint$SocketProcessor.doRun(NioEndpoint.java:1587)
	at org.apache.tomcat.util.net.SocketProcessorBase.run(SocketProcessorBase.java:49)
	at java.util.concurrent.ThreadPoolExecutor.runWorker(ThreadPoolExecutor.java:1149)
	at java.util.concurrent.ThreadPoolExecutor$Worker.run(ThreadPoolExecutor.java:624)
	at org.apache.tomcat.util.threads.TaskThread$WrappingRunnable.run(TaskThread.java:61)
	at java.lang.Thread.run(Thread.java:748)

2019-08-19 13:42:13.867 ERROR 11752 --- [http-nio-9999-exec-5] o.a.c.c.C.[.[.[/].[dispatcherServlet]    : Servlet.service() for servlet [dispatcherServlet] in context with path [] threw exception [Filtered request failed.] with root cause

redis.clients.jedis.exceptions.JedisDataException: ERR Client sent AUTH, but no password is set
	at redis.clients.jedis.Protocol.processError(Protocol.java:130)
	at redis.clients.jedis.Protocol.process(Protocol.java:164)
	at redis.clients.jedis.Protocol.read(Protocol.java:218)
	at redis.clients.jedis.Connection.readProtocolWithCheckingBroken(Connection.java:341)
	at redis.clients.jedis.Connection.getStatusCodeReply(Connection.java:240)
	at redis.clients.jedis.BinaryJedis.auth(BinaryJedis.java:2223)
	at redis.clients.jedis.JedisFactory.makeObject(JedisFactory.java:108)
	at org.apache.commons.pool2.impl.GenericObjectPool.create(GenericObjectPool.java:889)
	at org.apache.commons.pool2.impl.GenericObjectPool.borrowObject(GenericObjectPool.java:424)
	at org.apache.commons.pool2.impl.GenericObjectPool.borrowObject(GenericObjectPool.java:349)
	at redis.clients.util.Pool.getResource(Pool.java:49)
	at redis.clients.jedis.JedisPool.getResource(JedisPool.java:226)
	at org.crazycake.shiro.RedisManager.getJedis(RedisManager.java:35)
	at org.crazycake.shiro.WorkAloneRedisManager.get(WorkAloneRedisManager.java:50)
	at org.crazycake.shiro.RedisSessionDAO.doReadSession(RedisSessionDAO.java:151)
	at org.apache.shiro.session.mgt.eis.AbstractSessionDAO.readSession(AbstractSessionDAO.java:168)
	at org.apache.shiro.session.mgt.DefaultSessionManager.retrieveSessionFromDataSource(DefaultSessionManager.java:236)
	at org.apache.shiro.session.mgt.DefaultSessionManager.retrieveSession(DefaultSessionManager.java:222)
	at org.apache.shiro.session.mgt.AbstractValidatingSessionManager.doGetSession(AbstractValidatingSessionManager.java:118)
	at org.apache.shiro.session.mgt.AbstractNativeSessionManager.lookupSession(AbstractNativeSessionManager.java:148)
	at org.apache.shiro.session.mgt.AbstractNativeSessionManager.getSession(AbstractNativeSessionManager.java:140)
	at org.apache.shiro.mgt.SessionsSecurityManager.getSession(SessionsSecurityManager.java:156)
	at org.apache.shiro.mgt.DefaultSecurityManager.resolveContextSession(DefaultSecurityManager.java:460)
	at org.apache.shiro.mgt.DefaultSecurityManager.resolveSession(DefaultSecurityManager.java:446)
	at org.apache.shiro.mgt.DefaultSecurityManager.createSubject(DefaultSecurityManager.java:342)
	at org.apache.shiro.subject.Subject$Builder.buildSubject(Subject.java:845)
	at org.apache.shiro.web.subject.WebSubject$Builder.buildWebSubject(WebSubject.java:148)
	at org.apache.shiro.web.servlet.AbstractShiroFilter.createSubject(AbstractShiroFilter.java:292)
	at org.apache.shiro.web.servlet.AbstractShiroFilter.doFilterInternal(AbstractShiroFilter.java:359)
	at org.apache.shiro.web.servlet.OncePerRequestFilter.doFilter(OncePerRequestFilter.java:125)
	at org.apache.catalina.core.ApplicationFilterChain.internalDoFilter(ApplicationFilterChain.java:193)
	at org.apache.catalina.core.ApplicationFilterChain.doFilter(ApplicationFilterChain.java:166)
	at org.springframework.web.filter.RequestContextFilter.doFilterInternal(RequestContextFilter.java:99)
	at org.springframework.web.filter.OncePerRequestFilter.doFilter(OncePerRequestFilter.java:118)
	at org.apache.catalina.core.ApplicationFilterChain.internalDoFilter(ApplicationFilterChain.java:193)
	at org.apache.catalina.core.ApplicationFilterChain.doFilter(ApplicationFilterChain.java:166)
	at org.springframework.web.filter.FormContentFilter.doFilterInternal(FormContentFilter.java:92)
	at org.springframework.web.filter.OncePerRequestFilter.doFilter(OncePerRequestFilter.java:118)
	at org.apache.catalina.core.ApplicationFilterChain.internalDoFilter(ApplicationFilterChain.java:193)
	at org.apache.catalina.core.ApplicationFilterChain.doFilter(ApplicationFilterChain.java:166)
	at org.springframework.web.filter.HiddenHttpMethodFilter.doFilterInternal(HiddenHttpMethodFilter.java:93)
	at org.springframework.web.filter.OncePerRequestFilter.doFilter(OncePerRequestFilter.java:118)
	at org.apache.catalina.core.ApplicationFilterChain.internalDoFilter(ApplicationFilterChain.java:193)
	at org.apache.catalina.core.ApplicationFilterChain.doFilter(ApplicationFilterChain.java:166)
	at org.springframework.web.filter.CharacterEncodingFilter.doFilterInternal(CharacterEncodingFilter.java:200)
	at org.springframework.web.filter.OncePerRequestFilter.doFilter(OncePerRequestFilter.java:118)
	at org.apache.catalina.core.ApplicationFilterChain.internalDoFilter(ApplicationFilterChain.java:193)
	at org.apache.catalina.core.ApplicationFilterChain.doFilter(ApplicationFilterChain.java:166)
	at org.apache.catalina.core.StandardWrapperValve.invoke(StandardWrapperValve.java:202)
	at org.apache.catalina.core.StandardContextValve.invoke(StandardContextValve.java:96)
	at org.apache.catalina.authenticator.AuthenticatorBase.invoke(AuthenticatorBase.java:490)
	at org.apache.catalina.core.StandardHostValve.invoke(StandardHostValve.java:139)
	at org.apache.catalina.valves.ErrorReportValve.invoke(ErrorReportValve.java:92)
	at org.apache.catalina.core.StandardEngineValve.invoke(StandardEngineValve.java:74)
	at org.apache.catalina.connector.CoyoteAdapter.service(CoyoteAdapter.java:343)
	at org.apache.coyote.http11.Http11Processor.service(Http11Processor.java:408)
	at org.apache.coyote.AbstractProcessorLight.process(AbstractProcessorLight.java:66)
	at org.apache.coyote.AbstractProtocol$ConnectionHandler.process(AbstractProtocol.java:853)
	at org.apache.tomcat.util.net.NioEndpoint$SocketProcessor.doRun(NioEndpoint.java:1587)
	at org.apache.tomcat.util.net.SocketProcessorBase.run(SocketProcessorBase.java:49)
	at java.util.concurrent.ThreadPoolExecutor.runWorker(ThreadPoolExecutor.java:1149)
	at java.util.concurrent.ThreadPoolExecutor$Worker.run(ThreadPoolExecutor.java:624)
	at org.apache.tomcat.util.threads.TaskThread$WrappingRunnable.run(TaskThread.java:61)
	at java.lang.Thread.run(Thread.java:748)

